Build started 6/26/2013 9:58:01 AM.
     1>Project "c:\Users\Akila\documents\visual studio 2012\Projects\5.42 output\5.42 output\5.42 output.vcxproj" on node 2 (Build target(s)).
     1>ClCompile:
         C:\Program Files (x86)\Microsoft Visual Studio 11.0\VC\bin\CL.exe /c /ZI /nologo /W3 /WX- /Od /Oy- /D WIN32 /D _DEBUG /D _CONSOLE /D _UNICODE /D UNICODE /Gm /EHsc /RTC1 /MDd /GS /fp:precise /Zc:wchar_t /Zc:forScope /Fo"Debug\\" /Fd"Debug\vc110.pdb" /Gd /TP /analyze- /errorReport:prompt Source.cpp
         Source.cpp
     1>c:\users\akila\documents\visual studio 2012\projects\5.42 output\5.42 output\source.cpp(1): error C2146: syntax error : missing ';' before identifier 'PRINTS'
     1>c:\users\akila\documents\visual studio 2012\projects\5.42 output\5.42 output\source.cpp(1): error C4430: missing type specifier - int assumed. Note: C++ does not support default-int
     1>c:\users\akila\documents\visual studio 2012\projects\5.42 output\5.42 output\source.cpp(1): error C2146: syntax error : missing ';' before identifier 'CODE'
     1>c:\users\akila\documents\visual studio 2012\projects\5.42 output\5.42 output\source.cpp(1): error C2146: syntax error : missing ';' before identifier 'BACKWARDS'
     1>c:\users\akila\documents\visual studio 2012\projects\5.42 output\5.42 output\source.cpp(1): error C2146: syntax error : missing ';' before identifier 'BECAUSE'
     1>c:\users\akila\documents\visual studio 2012\projects\5.42 output\5.42 output\source.cpp(1): error C2146: syntax error : missing ';' before identifier 'OF'
     1>c:\users\akila\documents\visual studio 2012\projects\5.42 output\5.42 output\source.cpp(1): error C2146: syntax error : missing ';' before identifier 'THE'
     1>c:\users\akila\documents\visual studio 2012\projects\5.42 output\5.42 output\source.cpp(1): error C2146: syntax error : missing ';' before identifier 'STACK'
     1>c:\users\akila\documents\visual studio 2012\projects\5.42 output\5.42 output\source.cpp(1): error C2146: syntax error : missing ';' before identifier 'ORDER'
     1>c:\users\akila\documents\visual studio 2012\projects\5.42 output\5.42 output\source.cpp(1): error C2143: syntax error : missing ';' before '.'
     1>Done Building Project "c:\Users\Akila\documents\visual studio 2012\Projects\5.42 output\5.42 output\5.42 output.vcxproj" (Build target(s)) -- FAILED.

Build FAILED.

Time Elapsed 00:00:00.30
